<?xml version="1.0" encoding="UTF-8"?>
<testng-results ignored="0" total="10" passed="10" failed="0" skipped="0">
  <reporter-output>
  </reporter-output>
  <suite started-at="2024-09-17T15:50:29 IST" name="Surefire suite" finished-at="2024-09-17T15:50:56 IST" duration-ms="26946">
    <groups>
    </groups>
    <test started-at="2024-09-17T15:50:29 IST" name="Surefire test" finished-at="2024-09-17T15:50:56 IST" duration-ms="26946">
      <class name="org.example.DemoWebShopTests">
        <test-method is-config="true" signature="setUpClass()[pri:0, instance:org.example.DemoWebShopTests@2e3967ea]" started-at="2024-09-17T15:50:29 IST" name="setUpClass" finished-at="2024-09-17T15:50:45 IST" duration-ms="16147" status="PASS">
          <reporter-output>
          </reporter-output>
        </test-method> <!-- setUpClass -->
        <test-method signature="testHomePageTitle()[pri:1, instance:org.example.DemoWebShopTests@2e3967ea]" started-at="2024-09-17T15:50:45 IST" name="testHomePageTitle" finished-at="2024-09-17T15:50:45 IST" duration-ms="158" status="PASS">
          <reporter-output>
          </reporter-output>
        </test-method> <!-- testHomePageTitle -->
        <test-method signature="testscrollFunctionality()[pri:2, instance:org.example.DemoWebShopTests@2e3967ea]" started-at="2024-09-17T15:50:46 IST" name="testscrollFunctionality" finished-at="2024-09-17T15:50:46 IST" duration-ms="58" status="PASS">
          <reporter-output>
          </reporter-output>
        </test-method> <!-- testscrollFunctionality -->
        <test-method signature="testSearchFunctionality()[pri:3, instance:org.example.DemoWebShopTests@2e3967ea]" started-at="2024-09-17T15:50:46 IST" name="testSearchFunctionality" finished-at="2024-09-17T15:50:47 IST" duration-ms="1244" status="PASS">
          <reporter-output>
          </reporter-output>
        </test-method> <!-- testSearchFunctionality -->
        <test-method signature="testLoginButton()[pri:4, instance:org.example.DemoWebShopTests@2e3967ea]" started-at="2024-09-17T15:50:47 IST" name="testLoginButton" finished-at="2024-09-17T15:50:48 IST" duration-ms="844" status="PASS">
          <reporter-output>
          </reporter-output>
        </test-method> <!-- testLoginButton -->
        <test-method signature="testBookButton()[pri:5, instance:org.example.DemoWebShopTests@2e3967ea]" started-at="2024-09-17T15:50:48 IST" name="testBookButton" finished-at="2024-09-17T15:50:49 IST" duration-ms="1167" status="PASS">
          <reporter-output>
          </reporter-output>
        </test-method> <!-- testBookButton -->
        <test-method signature="testsideMenu()[pri:6, instance:org.example.DemoWebShopTests@2e3967ea]" started-at="2024-09-17T15:50:49 IST" name="testsideMenu" finished-at="2024-09-17T15:50:50 IST" duration-ms="808" status="PASS">
          <reporter-output>
          </reporter-output>
        </test-method> <!-- testsideMenu -->
        <test-method signature="testWishlistFunctionality()[pri:7, instance:org.example.DemoWebShopTests@2e3967ea]" started-at="2024-09-17T15:50:50 IST" name="testWishlistFunctionality" finished-at="2024-09-17T15:50:53 IST" duration-ms="2939" status="PASS">
          <reporter-output>
          </reporter-output>
        </test-method> <!-- testWishlistFunctionality -->
        <test-method signature="testContactUsForm()[pri:8, instance:org.example.DemoWebShopTests@2e3967ea]" started-at="2024-09-17T15:50:53 IST" name="testContactUsForm" finished-at="2024-09-17T15:50:55 IST" duration-ms="2426" status="PASS">
          <reporter-output>
          </reporter-output>
        </test-method> <!-- testContactUsForm -->
        <test-method signature="testLogout()[pri:9, instance:org.example.DemoWebShopTests@2e3967ea]" started-at="2024-09-17T15:50:55 IST" name="testLogout" finished-at="2024-09-17T15:50:55 IST" duration-ms="48" status="PASS">
          <reporter-output>
          </reporter-output>
        </test-method> <!-- testLogout -->
        <test-method signature="testSocialMediaLinks()[pri:10, instance:org.example.DemoWebShopTests@2e3967ea]" started-at="2024-09-17T15:50:55 IST" name="testSocialMediaLinks" finished-at="2024-09-17T15:50:55 IST" duration-ms="43" status="PASS">
          <reporter-output>
          </reporter-output>
        </test-method> <!-- testSocialMediaLinks -->
        <test-method is-config="true" signature="tearDownClass()[pri:0, instance:org.example.DemoWebShopTests@2e3967ea]" started-at="2024-09-17T15:50:55 IST" name="tearDownClass" finished-at="2024-09-17T15:50:56 IST" duration-ms="697" status="PASS">
          <reporter-output>
          </reporter-output>
        </test-method> <!-- tearDownClass -->
      </class> <!-- org.example.DemoWebShopTests -->
    </test> <!-- Surefire test -->
  </suite> <!-- Surefire suite -->
</testng-results>
