<?xml version="1.0" encoding="UTF-8"?>
<testsuite xmlns:xsi="http://www.w3.org/2001/XMLSchema-instance" xsi:noNamespaceSchemaLocation="https://maven.apache.org/surefire/maven-surefire-plugin/xsd/surefire-test-report.xsd" version="3.0.2" name="org.example.DemoWebShopTests" time="28.182" tests="10" errors="0" skipped="0" failures="0">
  <properties>
[...]
</properties>
  <testcase name="testHomePageTitle" classname="org.example.DemoWebShopTests" time="0.355">
    <system-err><![CDATA[SLF4J: Failed to load class "org.slf4j.impl.StaticLoggerBinder".
SLF4J: Defaulting to no-operation (NOP) logger implementation
SLF4J: See http://www.slf4j.org/codes.html#StaticLoggerBinder for further details.
Sep 17, 2024 3:50:32 PM org.openqa.selenium.devtools.CdpVersionFinder findNearestMatch
WARNING: Unable to find an exact match for CDP version 128, returning the closest version; found: 127; Please update to a Selenium version that supports CDP version 128
]]></system-err>
  </testcase>
  <testcase name="testscrollFunctionality" classname="org.example.DemoWebShopTests" time="0.058"/>
  <testcase name="testSearchFunctionality" classname="org.example.DemoWebShopTests" time="1.251"/>
  <testcase name="testLoginButton" classname="org.example.DemoWebShopTests" time="0.856">
    <system-out><![CDATA[Login Test passed
]]></system-out>
  </testcase>
  <testcase name="testBookButton" classname="org.example.DemoWebShopTests" time="1.167"/>
  <testcase name="testsideMenu" classname="org.example.DemoWebShopTests" time="0.819"/>
  <testcase name="testWishlistFunctionality" classname="org.example.DemoWebShopTests" time="2.961">
    <system-out><![CDATA[Error occured org.openqa.selenium.NoSuchElementException: no such element: Unable to locate element: {"method":"xpath","selector":"//input[@value='Add to wishlist']"}
  (Session info: chrome=128.0.6613.138)
For documentation on this error, please visit: https://www.selenium.dev/documentation/webdriver/troubleshooting/errors#no-such-element-exception
Build info: version: '4.23.0', revision: '4df0a231af'
System info: os.name: 'Windows 11', os.arch: 'amd64', os.version: '10.0', java.version: '22.0.1'
Driver info: org.openqa.selenium.chrome.ChromeDriver
Command: [bf2ef9d7079c2b68e5c214aef54efb49, findElement {using=xpath, value=//input[@value='Add to wishlist']}]
Capabilities {acceptInsecureCerts: false, browserName: chrome, browserVersion: 128.0.6613.138, chrome: {chromedriverVersion: 128.0.6613.137 (fe621c5aa2d..., userDataDir: C:\Users\dk115455\AppData\L...}, fedcm:accounts: true, goog:chromeOptions: {debuggerAddress: localhost:63275}, networkConnectionEnabled: false, pageLoadStrategy: normal, platformName: windows, proxy: Proxy(), se:cdp: ws://localhost:63275/devtoo..., se:cdpVersion: 128.0.6613.138, setWindowRect: true, strictFileInteractability: false, timeouts: {implicit: 0, pageLoad: 300000, script: 30000}, unhandledPromptBehavior: dismiss and notify, webauthn:extension:credBlob: true, webauthn:extension:largeBlob: true, webauthn:extension:minPinLength: true, webauthn:extension:prf: true, webauthn:virtualAuthenticators: true}
Session ID: bf2ef9d7079c2b68e5c214aef54efb49
]]></system-out>
  </testcase>
  <testcase name="testContactUsForm" classname="org.example.DemoWebShopTests" time="2.416"/>
  <testcase name="testLogout" classname="org.example.DemoWebShopTests" time="0.059">
    <system-out><![CDATA[Error occured org.openqa.selenium.NoSuchElementException: no such element: Unable to locate element: {"method":"link text","selector":"Log out"}
  (Session info: chrome=128.0.6613.138)
For documentation on this error, please visit: https://www.selenium.dev/documentation/webdriver/troubleshooting/errors#no-such-element-exception
Build info: version: '4.23.0', revision: '4df0a231af'
System info: os.name: 'Windows 11', os.arch: 'amd64', os.version: '10.0', java.version: '22.0.1'
Driver info: org.openqa.selenium.chrome.ChromeDriver
Command: [bf2ef9d7079c2b68e5c214aef54efb49, findElement {using=link text, value=Log out}]
Capabilities {acceptInsecureCerts: false, browserName: chrome, browserVersion: 128.0.6613.138, chrome: {chromedriverVersion: 128.0.6613.137 (fe621c5aa2d..., userDataDir: C:\Users\dk115455\AppData\L...}, fedcm:accounts: true, goog:chromeOptions: {debuggerAddress: localhost:63275}, networkConnectionEnabled: false, pageLoadStrategy: normal, platformName: windows, proxy: Proxy(), se:cdp: ws://localhost:63275/devtoo..., se:cdpVersion: 128.0.6613.138, setWindowRect: true, strictFileInteractability: false, timeouts: {implicit: 0, pageLoad: 300000, script: 30000}, unhandledPromptBehavior: dismiss and notify, webauthn:extension:credBlob: true, webauthn:extension:largeBlob: true, webauthn:extension:minPinLength: true, webauthn:extension:prf: true, webauthn:virtualAuthenticators: true}
Session ID: bf2ef9d7079c2b68e5c214aef54efb49
]]></system-out>
  </testcase>
  <testcase name="testSocialMediaLinks" classname="org.example.DemoWebShopTests" time="0.049">
    <system-out><![CDATA[Error occured org.openqa.selenium.NoSuchElementException: no such element: Unable to locate element: {"method":"css selector","selector":".footer\-upper"}
  (Session info: chrome=128.0.6613.138)
For documentation on this error, please visit: https://www.selenium.dev/documentation/webdriver/troubleshooting/errors#no-such-element-exception
Build info: version: '4.23.0', revision: '4df0a231af'
System info: os.name: 'Windows 11', os.arch: 'amd64', os.version: '10.0', java.version: '22.0.1'
Driver info: org.openqa.selenium.chrome.ChromeDriver
Command: [bf2ef9d7079c2b68e5c214aef54efb49, findElement {using=class name, value=footer-upper}]
Capabilities {acceptInsecureCerts: false, browserName: chrome, browserVersion: 128.0.6613.138, chrome: {chromedriverVersion: 128.0.6613.137 (fe621c5aa2d..., userDataDir: C:\Users\dk115455\AppData\L...}, fedcm:accounts: true, goog:chromeOptions: {debuggerAddress: localhost:63275}, networkConnectionEnabled: false, pageLoadStrategy: normal, platformName: windows, proxy: Proxy(), se:cdp: ws://localhost:63275/devtoo..., se:cdpVersion: 128.0.6613.138, setWindowRect: true, strictFileInteractability: false, timeouts: {implicit: 0, pageLoad: 300000, script: 30000}, unhandledPromptBehavior: dismiss and notify, webauthn:extension:credBlob: true, webauthn:extension:largeBlob: true, webauthn:extension:minPinLength: true, webauthn:extension:prf: true, webauthn:virtualAuthenticators: true}
Session ID: bf2ef9d7079c2b68e5c214aef54efb49
]]></system-out>
  </testcase>
</testsuite>